<?xml version="1.0" encoding="utf-8" ?>
<pnp:Provisioning xmlns:pnp="http://schemas.dev.office.com/PnP/2018/07/ProvisioningSchema" Author="Inmeta Consulting AS" Generator="Inmeta Consulting AS" Version="1.0" Description="" DisplayName="External">
  <pnp:Preferences Generator="OfficeDevPnP.Core, Version=3.1.1809.0, Culture=neutral, PublicKeyToken=null">
    <pnp:Parameters>
      <pnp:Parameter Key="lcid">1044</pnp:Parameter>
    </pnp:Parameters>
  </pnp:Preferences>

  <pnp:Templates ID="INMETA_TEMPLATES">
    <pnp:ProvisioningTemplate ID="TEMPLATE-B26F4F020A5B4D888113A1B4BEA2B12D" Version="1" BaseSiteTemplate="STS#0" Scope="RootSite">


      <pnp:WebSettings NoCrawl="false" WelcomePage="SitePages/JuleVerkeSted.aspx" CommentsOnSitePagesDisabled="true" QuickLaunchEnabled="false" />
      <pnp:RegionalSettings AdjustHijriDays="0" AlternateCalendarType="None" CalendarType="Gregorian" Collation="25" FirstDayOfWeek="Sunday" FirstWeekOfYear="0" LocaleId="1033" ShowWeeks="false" Time24="false" TimeZone="13" WorkDayEndHour="5:00PM" WorkDays="62" WorkDayStartHour="8:00AM" />

      <pnp:ClientSidePages>
        <pnp:ClientSidePage PageName="JuleVerkeSted" PromoteAsNewsArticle="true" Overwrite="true" Publish="true" Layout="Color block" EnableComments="true" Title="Client Side Page Title" ContentTypeID="0x01010012345">
          <pnp:Sections>
            <pnp:Section Order="1" Type="OneColumn">
              <pnp:Controls>
                <!-- Her har endret image source i Site Assets og den er oppdaterst: e.g.  imageSources&quot;:{&quot;imageSource&quot;:&quot;{site}/SiteAssets/Sharepoint.png-->
                <pnp:CanvasControl WebPartType="Image" JsonControlData="{ &quot;dataVersion&quot;: &quot;1.8&quot;, &quot;serverProcessedContent&quot;: {&quot;htmlStrings&quot;:{},&quot;searchablePlainTexts&quot;:{&quot;captionText&quot;:&quot;&quot;},&quot;imageSources&quot;:{&quot;imageSource&quot;:&quot;{site}/SiteAssets/Sharepoint.png&quot;},&quot;links&quot;:{&quot;linkUrl&quot;:&quot;&quot;},&quot;customMetadata&quot;:{&quot;imageSource&quot;:{&quot;siteId&quot;:&quot;{sitecollectionid}&quot;,&quot;webId&quot;:&quot;{siteid}&quot;,&quot;listId&quot;:&quot;{{listid:Site Assets}}&quot;,&quot;uniqueId&quot;:&quot;c0797ce2-ba26-4ce2-ab15-28102f912083&quot;,&quot;width&quot;:96,&quot;height&quot;:96}}}, &quot;properties&quot;: {&quot;imageSourceType&quot;:2,&quot;overlayText&quot;:&quot;&quot;,&quot;siteId&quot;:&quot;{sitecollectionid}&quot;,&quot;webId&quot;:&quot;{siteid}&quot;,&quot;listId&quot;:&quot;{{listid:Site Assets}}&quot;,&quot;uniqueId&quot;:&quot;c0797ce2-ba26-4ce2-ab15-28102f912083&quot;,&quot;imgWidth&quot;:96,&quot;imgHeight&quot;:96,&quot;fixAspectRatio&quot;:false,&quot;isOverlayTextEnabled&quot;:false}}" ControlId="d1d91016-032f-456d-98a4-721247c305e8" Order="1" Column="1" />
              </pnp:Controls>
            </pnp:Section>
          </pnp:Sections>

        </pnp:ClientSidePage>
      </pnp:ClientSidePages>
    </pnp:ProvisioningTemplate>
  </pnp:Templates>
</pnp:Provisioning>